app12/aSpellChecker/build/outputs/logs/manifest-merger-debug-report.txt
-- Merging decision tree log ---
manifest
ADDED from src/main/AndroidManifest.xml:2:1-37:12
	package
		ADDED from src/main/AndroidManifest.xml:3:5-41
		INJECTED from src/main/AndroidManifest.xml
		INJECTED from src/main/AndroidManifest.xml
	android:versionName
		ADDED from src/main/AndroidManifest.xml:5:5-30
		INJECTED from src/main/AndroidManifest.xml
		INJECTED from src/main/AndroidManifest.xml
	android:versionCode
		ADDED from src/main/AndroidManifest.xml:4:5-28
		INJECTED from src/main/AndroidManifest.xml
		INJECTED from src/main/AndroidManifest.xml
	xmlns:android
		ADDED from src/main/AndroidManifest.xml:2:11-69
	android:installLocation
		ADDED from src/main/AndroidManifest.xml:5:31-69
uses-sdk
ADDED from src/main/AndroidManifest.xml:7:5-44
	android:targetSdkVersion
		INJECTED from src/main/AndroidManifest.xml
		INJECTED from src/main/AndroidManifest.xml
	android:minSdkVersion
		ADDED from src/main/AndroidManifest.xml:7:15-41
		INJECTED from src/main/AndroidManifest.xml
		INJECTED from src/main/AndroidManifest.xml
uses-permission#android.permission.READ_USER_DICTIONARY
ADDED from src/main/AndroidManifest.xml:8:5-95
	android:name
		ADDED from src/main/AndroidManifest.xml:8:22-76
uses-permission#android.permission.READ_CONTACTS
ADDED from src/main/AndroidManifest.xml:9:5-71
	android:name
		ADDED from src/main/AndroidManifest.xml:9:22-69
application
ADDED from src/main/AndroidManifest.xml:11:5-36:19
	android:label
		ADDED from src/main/AndroidManifest.xml:13:9-37
	android:icon
		ADDED from src/main/AndroidManifest.xml:12:9-45
activity#se.randomdev.aspellchecker.ASpellCheckerActivity
ADDED from src/main/AndroidManifest.xml:14:9-21:20
	android:label
		ADDED from src/main/AndroidManifest.xml:16:13-41
	android:name
		ADDED from src/main/AndroidManifest.xml:15:13-49
intent-filter#android.intent.action.MAIN
ADDED from src/main/AndroidManifest.xml:17:13-20:29
action#android.intent.action.MAIN
ADDED from src/main/AndroidManifest.xml:18:17-69
	android:name
		ADDED from src/main/AndroidManifest.xml:18:25-66
service#se.randomdev.aspellchecker.ASpellCheckerService
ADDED from src/main/AndroidManifest.xml:23:9-34:19
	android:label
		ADDED from src/main/AndroidManifest.xml:24:13-41
	android:permission
		ADDED from src/main/AndroidManifest.xml:26:13-70
	android:name
		ADDED from src/main/AndroidManifest.xml:25:13-48
intent-filter#android.service.textservice.SpellCheckerService
ADDED from src/main/AndroidManifest.xml:27:13-29:29
action#android.service.textservice.SpellCheckerService
ADDED from src/main/AndroidManifest.xml:28:17-90
	android:name
		ADDED from src/main/AndroidManifest.xml:28:25-87
meta-data#android.view.textservice.scs
ADDED from src/main/AndroidManifest.xml:31:13-33:56
	android:resource
		ADDED from src/main/AndroidManifest.xml:33:17-53
	android:name
		ADDED from src/main/AndroidManifest.xml:32:17-60